{"/Users/ziaa/node-wprkspace/ConnectedVehicles/api-gateway/app.js":{"path":"/Users/ziaa/node-wprkspace/ConnectedVehicles/api-gateway/app.js","s":{"1":1,"2":1,"3":1,"4":1,"5":1,"6":1,"7":1,"8":1,"9":1,"10":1,"11":1,"12":1,"13":1,"14":1,"15":1,"16":1,"17":1,"18":1,"19":1,"20":1,"21":1,"22":1,"23":1,"24":1,"25":1},"b":{},"f":{},"fnMap":{},"statementMap":{"1":{"start":{"line":1,"column":0},"end":{"line":1,"column":41}},"2":{"start":{"line":2,"column":0},"end":{"line":2,"column":33}},"3":{"start":{"line":3,"column":0},"end":{"line":3,"column":27}},"4":{"start":{"line":4,"column":0},"end":{"line":4,"column":44}},"5":{"start":{"line":5,"column":0},"end":{"line":5,"column":31}},"6":{"start":{"line":6,"column":0},"end":{"line":6,"column":45}},"7":{"start":{"line":7,"column":0},"end":{"line":7,"column":25}},"8":{"start":{"line":10,"column":0},"end":{"line":10,"column":27}},"9":{"start":{"line":13,"column":0},"end":{"line":13,"column":44}},"10":{"start":{"line":18,"column":0},"end":{"line":18,"column":64}},"11":{"start":{"line":19,"column":0},"end":{"line":19,"column":67}},"12":{"start":{"line":20,"column":1},"end":{"line":20,"column":55}},"13":{"start":{"line":22,"column":0},"end":{"line":22,"column":20}},"14":{"start":{"line":24,"column":0},"end":{"line":24,"column":23}},"15":{"start":{"line":25,"column":0},"end":{"line":25,"column":24}},"16":{"start":{"line":26,"column":0},"end":{"line":26,"column":49}},"17":{"start":{"line":27,"column":0},"end":{"line":27,"column":24}},"18":{"start":{"line":28,"column":0},"end":{"line":28,"column":20}},"19":{"start":{"line":29,"column":0},"end":{"line":29,"column":56}},"20":{"start":{"line":30,"column":0},"end":{"line":30,"column":15}},"21":{"start":{"line":33,"column":0},"end":{"line":33,"column":44}},"22":{"start":{"line":34,"column":0},"end":{"line":34,"column":26}},"23":{"start":{"line":35,"column":0},"end":{"line":35,"column":46}},"24":{"start":{"line":38,"column":1},"end":{"line":38,"column":40}},"25":{"start":{"line":41,"column":0},"end":{"line":41,"column":21}}},"branchMap":{}},"/Users/ziaa/node-wprkspace/ConnectedVehicles/api-gateway/routes/index.js":{"path":"/Users/ziaa/node-wprkspace/ConnectedVehicles/api-gateway/routes/index.js","s":{"1":1,"2":1,"3":1,"4":0,"5":1},"b":{},"f":{"1":0},"fnMap":{"1":{"name":"(anonymous_1)","line":5,"loc":{"start":{"line":5,"column":16},"end":{"line":5,"column":41}}}},"statementMap":{"1":{"start":{"line":1,"column":0},"end":{"line":1,"column":33}},"2":{"start":{"line":2,"column":0},"end":{"line":2,"column":30}},"3":{"start":{"line":5,"column":0},"end":{"line":7,"column":3}},"4":{"start":{"line":6,"column":2},"end":{"line":6,"column":44}},"5":{"start":{"line":9,"column":0},"end":{"line":9,"column":24}}},"branchMap":{}},"/Users/ziaa/node-wprkspace/ConnectedVehicles/api-gateway/routes/vehicles/vehicle-routes.js":{"path":"/Users/ziaa/node-wprkspace/ConnectedVehicles/api-gateway/routes/vehicles/vehicle-routes.js","s":{"1":1,"2":1,"3":1,"4":1,"5":1,"6":1,"7":0,"8":1},"b":{},"f":{"1":0},"fnMap":{"1":{"name":"(anonymous_1)","line":11,"loc":{"start":{"line":11,"column":20},"end":{"line":11,"column":43}}}},"statementMap":{"1":{"start":{"line":1,"column":0},"end":{"line":1,"column":33}},"2":{"start":{"line":2,"column":0},"end":{"line":2,"column":30}},"3":{"start":{"line":4,"column":0},"end":{"line":4,"column":73}},"4":{"start":{"line":9,"column":0},"end":{"line":9,"column":70}},"5":{"start":{"line":10,"column":0},"end":{"line":10,"column":61}},"6":{"start":{"line":11,"column":0},"end":{"line":14,"column":2}},"7":{"start":{"line":12,"column":4},"end":{"line":12,"column":27}},"8":{"start":{"line":17,"column":0},"end":{"line":17,"column":23}}},"branchMap":{}},"/Users/ziaa/node-wprkspace/ConnectedVehicles/api-gateway/controllers/vehicle-controller.js":{"path":"/Users/ziaa/node-wprkspace/ConnectedVehicles/api-gateway/controllers/vehicle-controller.js","s":{"1":1,"2":1,"3":1,"4":1,"5":1,"6":1,"7":1,"8":1,"9":1,"10":1,"11":1,"12":0,"13":0,"14":0,"15":1,"16":1,"17":1,"18":1,"19":1,"20":0,"21":0,"22":0,"23":0,"24":0,"25":0,"26":0,"27":0,"28":0,"29":0,"30":0,"31":0,"32":0,"33":0,"34":0,"35":0,"36":0,"37":0,"38":0,"39":0,"40":0,"41":1},"b":{"1":[0,1],"2":[1,0],"3":[0,0]},"f":{"1":1,"2":0},"fnMap":{"1":{"name":"(anonymous_1)","line":13,"loc":{"start":{"line":13,"column":45},"end":{"line":13,"column":62}}},"2":{"name":"(anonymous_2)","line":53,"loc":{"start":{"line":53,"column":44},"end":{"line":53,"column":60}}}},"statementMap":{"1":{"start":{"line":1,"column":0},"end":{"line":1,"column":54}},"2":{"start":{"line":3,"column":0},"end":{"line":3,"column":52}},"3":{"start":{"line":4,"column":0},"end":{"line":4,"column":55}},"4":{"start":{"line":5,"column":0},"end":{"line":5,"column":47}},"5":{"start":{"line":6,"column":0},"end":{"line":6,"column":55}},"6":{"start":{"line":7,"column":0},"end":{"line":7,"column":66}},"7":{"start":{"line":9,"column":0},"end":{"line":9,"column":42}},"8":{"start":{"line":14,"column":8},"end":{"line":47,"column":9}},"9":{"start":{"line":15,"column":12},"end":{"line":15,"column":78}},"10":{"start":{"line":16,"column":12},"end":{"line":16,"column":58}},"11":{"start":{"line":17,"column":12},"end":{"line":42,"column":13}},"12":{"start":{"line":18,"column":16},"end":{"line":18,"column":83}},"13":{"start":{"line":19,"column":16},"end":{"line":19,"column":90}},"14":{"start":{"line":20,"column":16},"end":{"line":20,"column":39}},"15":{"start":{"line":22,"column":16},"end":{"line":22,"column":54}},"16":{"start":{"line":24,"column":16},"end":{"line":41,"column":18}},"17":{"start":{"line":32,"column":19},"end":{"line":36,"column":59}},"18":{"start":{"line":33,"column":21},"end":{"line":33,"column":107}},"19":{"start":{"line":34,"column":21},"end":{"line":34,"column":44}},"20":{"start":{"line":36,"column":24},"end":{"line":36,"column":59}},"21":{"start":{"line":38,"column":20},"end":{"line":38,"column":71}},"22":{"start":{"line":39,"column":20},"end":{"line":39,"column":110}},"23":{"start":{"line":40,"column":20},"end":{"line":40,"column":43}},"24":{"start":{"line":44,"column":12},"end":{"line":44,"column":61}},"25":{"start":{"line":45,"column":12},"end":{"line":45,"column":102}},"26":{"start":{"line":46,"column":12},"end":{"line":46,"column":35}},"27":{"start":{"line":54,"column":12},"end":{"line":54,"column":43}},"28":{"start":{"line":56,"column":12},"end":{"line":79,"column":13}},"29":{"start":{"line":57,"column":16},"end":{"line":57,"column":50}},"30":{"start":{"line":58,"column":16},"end":{"line":73,"column":18}},"31":{"start":{"line":64,"column":20},"end":{"line":68,"column":61}},"32":{"start":{"line":65,"column":24},"end":{"line":65,"column":110}},"33":{"start":{"line":66,"column":24},"end":{"line":66,"column":47}},"34":{"start":{"line":68,"column":27},"end":{"line":68,"column":61}},"35":{"start":{"line":70,"column":20},"end":{"line":70,"column":72}},"36":{"start":{"line":71,"column":20},"end":{"line":71,"column":110}},"37":{"start":{"line":72,"column":20},"end":{"line":72,"column":43}},"38":{"start":{"line":76,"column":16},"end":{"line":76,"column":81}},"39":{"start":{"line":77,"column":16},"end":{"line":77,"column":105}},"40":{"start":{"line":78,"column":16},"end":{"line":78,"column":39}},"41":{"start":{"line":83,"column":0},"end":{"line":83,"column":34}}},"branchMap":{"1":{"line":17,"type":"if","locations":[{"start":{"line":17,"column":12},"end":{"line":17,"column":12}},{"start":{"line":17,"column":12},"end":{"line":17,"column":12}}]},"2":{"line":32,"type":"if","locations":[{"start":{"line":32,"column":19},"end":{"line":32,"column":19}},{"start":{"line":32,"column":19},"end":{"line":32,"column":19}}]},"3":{"line":64,"type":"if","locations":[{"start":{"line":64,"column":20},"end":{"line":64,"column":20}},{"start":{"line":64,"column":20},"end":{"line":64,"column":20}}]}}},"/Users/ziaa/node-wprkspace/ConnectedVehicles/api-gateway/communication/queue.js":{"path":"/Users/ziaa/node-wprkspace/ConnectedVehicles/api-gateway/communication/queue.js","s":{"1":1,"2":1,"3":1,"4":1,"5":1,"6":1,"7":1,"8":2,"9":2,"10":2,"11":2,"12":0,"13":2,"14":2,"15":0,"16":2,"17":2,"18":2,"19":2,"20":2,"21":2,"22":2,"23":2,"24":0,"25":0,"26":2,"27":2,"28":2,"29":0,"30":0,"31":1,"32":0,"33":0,"34":0,"35":1,"36":2,"37":1},"b":{"1":[0,2],"2":[0,2],"3":[2,0]},"f":{"1":2,"2":2,"3":2,"4":2,"5":2,"6":0,"7":2},"fnMap":{"1":{"name":"publishMessageToQueue","line":29,"loc":{"start":{"line":29,"column":0},"end":{"line":29,"column":56}}},"2":{"name":"(anonymous_2)","line":32,"loc":{"start":{"line":32,"column":40},"end":{"line":32,"column":61}}},"3":{"name":"(anonymous_3)","line":37,"loc":{"start":{"line":37,"column":39},"end":{"line":37,"column":58}}},"4":{"name":"(anonymous_4)","line":45,"loc":{"start":{"line":45,"column":31},"end":{"line":45,"column":49}}},"5":{"name":"(anonymous_5)","line":46,"loc":{"start":{"line":46,"column":52},"end":{"line":46,"column":67}}},"6":{"name":"queueError","line":88,"loc":{"start":{"line":88,"column":0},"end":{"line":88,"column":27}}},"7":{"name":"generateUuid","line":94,"loc":{"start":{"line":94,"column":0},"end":{"line":94,"column":24}}}},"statementMap":{"1":{"start":{"line":2,"column":0},"end":{"line":2,"column":43}},"2":{"start":{"line":5,"column":0},"end":{"line":5,"column":55}},"3":{"start":{"line":6,"column":0},"end":{"line":6,"column":47}},"4":{"start":{"line":7,"column":0},"end":{"line":7,"column":55}},"5":{"start":{"line":9,"column":0},"end":{"line":9,"column":42}},"6":{"start":{"line":11,"column":0},"end":{"line":11,"column":45}},"7":{"start":{"line":29,"column":0},"end":{"line":86,"column":1}},"8":{"start":{"line":30,"column":4},"end":{"line":85,"column":7}},"9":{"start":{"line":31,"column":8},"end":{"line":84,"column":9}},"10":{"start":{"line":32,"column":12},"end":{"line":79,"column":15}},"11":{"start":{"line":33,"column":16},"end":{"line":78,"column":17}},"12":{"start":{"line":34,"column":20},"end":{"line":34,"column":38}},"13":{"start":{"line":37,"column":20},"end":{"line":77,"column":23}},"14":{"start":{"line":38,"column":24},"end":{"line":76,"column":25}},"15":{"start":{"line":39,"column":28},"end":{"line":39,"column":46}},"16":{"start":{"line":41,"column":28},"end":{"line":41,"column":63}},"17":{"start":{"line":43,"column":28},"end":{"line":75,"column":31}},"18":{"start":{"line":46,"column":32},"end":{"line":67,"column":35}},"19":{"start":{"line":47,"column":36},"end":{"line":64,"column":37}},"20":{"start":{"line":49,"column":40},"end":{"line":56,"column":41}},"21":{"start":{"line":50,"column":44},"end":{"line":50,"column":90}},"22":{"start":{"line":51,"column":44},"end":{"line":51,"column":92}},"23":{"start":{"line":52,"column":44},"end":{"line":52,"column":70}},"24":{"start":{"line":54,"column":44},"end":{"line":54,"column":80}},"25":{"start":{"line":55,"column":44},"end":{"line":55,"column":58}},"26":{"start":{"line":58,"column":41},"end":{"line":58,"column":53}},"27":{"start":{"line":68,"column":32},"end":{"line":68,"column":101}},"28":{"start":{"line":70,"column":32},"end":{"line":74,"column":39}},"29":{"start":{"line":81,"column":12},"end":{"line":81,"column":51}},"30":{"start":{"line":82,"column":12},"end":{"line":82,"column":30}},"31":{"start":{"line":88,"column":0},"end":{"line":92,"column":1}},"32":{"start":{"line":89,"column":4},"end":{"line":89,"column":79}},"33":{"start":{"line":90,"column":4},"end":{"line":90,"column":94}},"34":{"start":{"line":91,"column":4},"end":{"line":91,"column":42}},"35":{"start":{"line":94,"column":0},"end":{"line":98,"column":1}},"36":{"start":{"line":95,"column":4},"end":{"line":97,"column":33}},"37":{"start":{"line":99,"column":0},"end":{"line":99,"column":39}}},"branchMap":{"1":{"line":33,"type":"if","locations":[{"start":{"line":33,"column":16},"end":{"line":33,"column":16}},{"start":{"line":33,"column":16},"end":{"line":33,"column":16}}]},"2":{"line":38,"type":"if","locations":[{"start":{"line":38,"column":24},"end":{"line":38,"column":24}},{"start":{"line":38,"column":24},"end":{"line":38,"column":24}}]},"3":{"line":47,"type":"if","locations":[{"start":{"line":47,"column":36},"end":{"line":47,"column":36}},{"start":{"line":47,"column":36},"end":{"line":47,"column":36}}]}}},"/Users/ziaa/node-wprkspace/ConnectedVehicles/api-gateway/libs/response-utils.js":{"path":"/Users/ziaa/node-wprkspace/ConnectedVehicles/api-gateway/libs/response-utils.js","s":{"1":4,"2":4,"3":4,"4":4,"5":2,"6":2,"7":2,"8":2,"9":0,"10":0,"11":0,"12":0,"13":2,"14":2,"15":1},"b":{},"f":{"1":4,"2":2,"3":0,"4":2},"fnMap":{"1":{"name":"(anonymous_1)","line":3,"loc":{"start":{"line":3,"column":15},"end":{"line":3,"column":17}}},"2":{"name":"(anonymous_2)","line":10,"loc":{"start":{"line":10,"column":14},"end":{"line":10,"column":65}}},"3":{"name":"(anonymous_3)","line":18,"loc":{"start":{"line":18,"column":12},"end":{"line":18,"column":33}}},"4":{"name":"(anonymous_4)","line":25,"loc":{"start":{"line":25,"column":8},"end":{"line":25,"column":13}}}},"statementMap":{"1":{"start":{"line":4,"column":8},"end":{"line":4,"column":29}},"2":{"start":{"line":5,"column":8},"end":{"line":5,"column":31}},"3":{"start":{"line":6,"column":8},"end":{"line":6,"column":28}},"4":{"start":{"line":7,"column":8},"end":{"line":7,"column":25}},"5":{"start":{"line":11,"column":8},"end":{"line":11,"column":31}},"6":{"start":{"line":12,"column":8},"end":{"line":12,"column":37}},"7":{"start":{"line":13,"column":8},"end":{"line":13,"column":31}},"8":{"start":{"line":14,"column":8},"end":{"line":14,"column":25}},"9":{"start":{"line":19,"column":8},"end":{"line":19,"column":29}},"10":{"start":{"line":20,"column":8},"end":{"line":20,"column":37}},"11":{"start":{"line":21,"column":8},"end":{"line":21,"column":31}},"12":{"start":{"line":22,"column":8},"end":{"line":22,"column":22}},"13":{"start":{"line":26,"column":8},"end":{"line":32,"column":9}},"14":{"start":{"line":33,"column":8},"end":{"line":33,"column":49}},"15":{"start":{"line":43,"column":0},"end":{"line":43,"column":30}}},"branchMap":{}},"/Users/ziaa/node-wprkspace/ConnectedVehicles/api-gateway/libs/http-codes.js":{"path":"/Users/ziaa/node-wprkspace/ConnectedVehicles/api-gateway/libs/http-codes.js","s":{"1":1,"2":1},"b":{},"f":{},"fnMap":{},"statementMap":{"1":{"start":{"line":11,"column":0},"end":{"line":36,"column":1}},"2":{"start":{"line":38,"column":0},"end":{"line":38,"column":27}}},"branchMap":{}},"/Users/ziaa/node-wprkspace/ConnectedVehicles/api-gateway/libs/response-messages.js":{"path":"/Users/ziaa/node-wprkspace/ConnectedVehicles/api-gateway/libs/response-messages.js","s":{"1":1,"2":1},"b":{},"f":{},"fnMap":{},"statementMap":{"1":{"start":{"line":1,"column":2},"end":{"line":12,"column":3}},"2":{"start":{"line":14,"column":2},"end":{"line":14,"column":36}}},"branchMap":{}},"/Users/ziaa/node-wprkspace/ConnectedVehicles/api-gateway/config/production.js":{"path":"/Users/ziaa/node-wprkspace/ConnectedVehicles/api-gateway/config/production.js","s":{"1":1},"b":{},"f":{},"fnMap":{},"statementMap":{"1":{"start":{"line":2,"column":0},"end":{"line":10,"column":1}}},"branchMap":{}},"/Users/ziaa/node-wprkspace/ConnectedVehicles/api-gateway/libs/queue-params.js":{"path":"/Users/ziaa/node-wprkspace/ConnectedVehicles/api-gateway/libs/queue-params.js","s":{"1":1,"2":1},"b":{},"f":{},"fnMap":{},"statementMap":{"1":{"start":{"line":8,"column":0},"end":{"line":18,"column":1}},"2":{"start":{"line":20,"column":0},"end":{"line":20,"column":28}}},"branchMap":{}},"/Users/ziaa/node-wprkspace/ConnectedVehicles/api-gateway/libs/validation-messages.js":{"path":"/Users/ziaa/node-wprkspace/ConnectedVehicles/api-gateway/libs/validation-messages.js","s":{"1":1,"2":1},"b":{},"f":{},"fnMap":{},"statementMap":{"1":{"start":{"line":5,"column":0},"end":{"line":14,"column":1}},"2":{"start":{"line":16,"column":0},"end":{"line":16,"column":36}}},"branchMap":{}},"/Users/ziaa/node-wprkspace/ConnectedVehicles/api-gateway/routes/customers/customer-routes.js":{"path":"/Users/ziaa/node-wprkspace/ConnectedVehicles/api-gateway/routes/customers/customer-routes.js","s":{"1":1,"2":1,"3":1,"4":1,"5":1},"b":{},"f":{},"fnMap":{},"statementMap":{"1":{"start":{"line":1,"column":0},"end":{"line":1,"column":33}},"2":{"start":{"line":2,"column":0},"end":{"line":2,"column":30}},"3":{"start":{"line":4,"column":0},"end":{"line":4,"column":76}},"4":{"start":{"line":9,"column":0},"end":{"line":9,"column":52}},"5":{"start":{"line":13,"column":0},"end":{"line":13,"column":23}}},"branchMap":{}},"/Users/ziaa/node-wprkspace/ConnectedVehicles/api-gateway/controllers/customer-controllers.js":{"path":"/Users/ziaa/node-wprkspace/ConnectedVehicles/api-gateway/controllers/customer-controllers.js","s":{"1":1,"2":1,"3":1,"4":1,"5":1,"6":1,"7":1,"8":1,"9":1,"10":1,"11":1,"12":1,"13":0,"14":0,"15":0,"16":0,"17":1},"b":{"1":[1,0]},"f":{"1":1},"fnMap":{"1":{"name":"(anonymous_1)","line":13,"loc":{"start":{"line":13,"column":27},"end":{"line":13,"column":43}}}},"statementMap":{"1":{"start":{"line":1,"column":0},"end":{"line":1,"column":55}},"2":{"start":{"line":2,"column":0},"end":{"line":2,"column":47}},"3":{"start":{"line":3,"column":0},"end":{"line":3,"column":55}},"4":{"start":{"line":4,"column":0},"end":{"line":4,"column":40}},"5":{"start":{"line":5,"column":0},"end":{"line":5,"column":54}},"6":{"start":{"line":6,"column":0},"end":{"line":6,"column":51}},"7":{"start":{"line":9,"column":0},"end":{"line":9,"column":42}},"8":{"start":{"line":14,"column":8},"end":{"line":14,"column":54}},"9":{"start":{"line":15,"column":8},"end":{"line":31,"column":10}},"10":{"start":{"line":22,"column":12},"end":{"line":26,"column":55}},"11":{"start":{"line":23,"column":16},"end":{"line":23,"column":102}},"12":{"start":{"line":24,"column":16},"end":{"line":24,"column":39}},"13":{"start":{"line":26,"column":19},"end":{"line":26,"column":55}},"14":{"start":{"line":28,"column":12},"end":{"line":28,"column":64}},"15":{"start":{"line":29,"column":12},"end":{"line":29,"column":102}},"16":{"start":{"line":30,"column":12},"end":{"line":30,"column":35}},"17":{"start":{"line":35,"column":0},"end":{"line":35,"column":36}}},"branchMap":{"1":{"line":22,"type":"if","locations":[{"start":{"line":22,"column":12},"end":{"line":22,"column":12}},{"start":{"line":22,"column":12},"end":{"line":22,"column":12}}]}}},"/Users/ziaa/node-wprkspace/ConnectedVehicles/api-gateway/libs/helper.js":{"path":"/Users/ziaa/node-wprkspace/ConnectedVehicles/api-gateway/libs/helper.js","s":{"1":1},"b":{},"f":{},"fnMap":{},"statementMap":{"1":{"start":{"line":6,"column":0},"end":{"line":6,"column":24}}},"branchMap":{}},"/Users/ziaa/node-wprkspace/ConnectedVehicles/api-gateway/routes/ui-routes/ui-routes.js":{"path":"/Users/ziaa/node-wprkspace/ConnectedVehicles/api-gateway/routes/ui-routes/ui-routes.js","s":{"1":1,"2":1,"3":1,"4":1,"5":1},"b":{},"f":{},"fnMap":{},"statementMap":{"1":{"start":{"line":1,"column":0},"end":{"line":1,"column":33}},"2":{"start":{"line":2,"column":0},"end":{"line":2,"column":30}},"3":{"start":{"line":4,"column":0},"end":{"line":4,"column":63}},"4":{"start":{"line":7,"column":0},"end":{"line":7,"column":50}},"5":{"start":{"line":9,"column":0},"end":{"line":9,"column":23}}},"branchMap":{}},"/Users/ziaa/node-wprkspace/ConnectedVehicles/api-gateway/controllers/ui-controller.js":{"path":"/Users/ziaa/node-wprkspace/ConnectedVehicles/api-gateway/controllers/ui-controller.js","s":{"1":1,"2":1,"3":1,"4":1,"5":1,"6":1,"7":1,"8":0,"9":0,"10":0,"11":0,"12":0,"13":0,"14":0,"15":0,"16":0,"17":0,"18":0,"19":0,"20":0,"21":0,"22":0,"23":0,"24":0,"25":0,"26":0,"27":0,"28":0,"29":0,"30":0,"31":0,"32":0,"33":0,"34":0,"35":0,"36":0,"37":0,"38":0,"39":0,"40":0,"41":1},"b":{"1":[0,0],"2":[0,0],"3":[0,0]},"f":{"1":0,"2":0},"fnMap":{"1":{"name":"(anonymous_1)","line":14,"loc":{"start":{"line":14,"column":35},"end":{"line":14,"column":73}}},"2":{"name":"(anonymous_2)","line":28,"loc":{"start":{"line":28,"column":42},"end":{"line":28,"column":56}}}},"statementMap":{"1":{"start":{"line":1,"column":0},"end":{"line":1,"column":55}},"2":{"start":{"line":2,"column":0},"end":{"line":2,"column":47}},"3":{"start":{"line":3,"column":0},"end":{"line":3,"column":55}},"4":{"start":{"line":4,"column":0},"end":{"line":4,"column":40}},"5":{"start":{"line":5,"column":0},"end":{"line":5,"column":54}},"6":{"start":{"line":6,"column":0},"end":{"line":6,"column":51}},"7":{"start":{"line":9,"column":0},"end":{"line":9,"column":42}},"8":{"start":{"line":15,"column":8},"end":{"line":83,"column":9}},"9":{"start":{"line":16,"column":11},"end":{"line":16,"column":30}},"10":{"start":{"line":18,"column":12},"end":{"line":77,"column":14}},"11":{"start":{"line":23,"column":16},"end":{"line":24,"column":51}},"12":{"start":{"line":24,"column":20},"end":{"line":24,"column":51}},"13":{"start":{"line":26,"column":16},"end":{"line":26,"column":38}},"14":{"start":{"line":28,"column":17},"end":{"line":30,"column":22}},"15":{"start":{"line":29,"column":21},"end":{"line":29,"column":43}},"16":{"start":{"line":31,"column":19},"end":{"line":31,"column":45}},"17":{"start":{"line":33,"column":16},"end":{"line":72,"column":18}},"18":{"start":{"line":41,"column":20},"end":{"line":67,"column":55}},"19":{"start":{"line":46,"column":20},"end":{"line":46,"column":38}},"20":{"start":{"line":47,"column":20},"end":{"line":47,"column":50}},"21":{"start":{"line":48,"column":20},"end":{"line":48,"column":52}},"22":{"start":{"line":50,"column":20},"end":{"line":62,"column":23}},"23":{"start":{"line":51,"column":22},"end":{"line":51,"column":50}},"24":{"start":{"line":52,"column":22},"end":{"line":61,"column":25}},"25":{"start":{"line":53,"column":24},"end":{"line":53,"column":51}},"26":{"start":{"line":55,"column":24},"end":{"line":59,"column":25}},"27":{"start":{"line":56,"column":26},"end":{"line":57,"column":84}},"28":{"start":{"line":58,"column":26},"end":{"line":58,"column":49}},"29":{"start":{"line":64,"column":20},"end":{"line":64,"column":101}},"30":{"start":{"line":65,"column":20},"end":{"line":65,"column":43}},"31":{"start":{"line":67,"column":24},"end":{"line":67,"column":55}},"32":{"start":{"line":69,"column":20},"end":{"line":69,"column":71}},"33":{"start":{"line":70,"column":16},"end":{"line":70,"column":106}},"34":{"start":{"line":71,"column":16},"end":{"line":71,"column":39}},"35":{"start":{"line":74,"column":16},"end":{"line":74,"column":68}},"36":{"start":{"line":75,"column":16},"end":{"line":75,"column":106}},"37":{"start":{"line":76,"column":16},"end":{"line":76,"column":39}},"38":{"start":{"line":80,"column":11},"end":{"line":80,"column":53}},"39":{"start":{"line":81,"column":11},"end":{"line":81,"column":101}},"40":{"start":{"line":82,"column":11},"end":{"line":82,"column":34}},"41":{"start":{"line":89,"column":0},"end":{"line":89,"column":29}}},"branchMap":{"1":{"line":23,"type":"if","locations":[{"start":{"line":23,"column":16},"end":{"line":23,"column":16}},{"start":{"line":23,"column":16},"end":{"line":23,"column":16}}]},"2":{"line":41,"type":"if","locations":[{"start":{"line":41,"column":20},"end":{"line":41,"column":20}},{"start":{"line":41,"column":20},"end":{"line":41,"column":20}}]},"3":{"line":55,"type":"if","locations":[{"start":{"line":55,"column":24},"end":{"line":55,"column":24}},{"start":{"line":55,"column":24},"end":{"line":55,"column":24}}]}}},"/Users/ziaa/node-wprkspace/ConnectedVehicles/api-gateway/libs/test-util.js":{"path":"/Users/ziaa/node-wprkspace/ConnectedVehicles/api-gateway/libs/test-util.js","s":{"1":0,"2":1},"b":{},"f":{"1":0},"fnMap":{"1":{"name":"(anonymous_1)","line":2,"loc":{"start":{"line":2,"column":15},"end":{"line":2,"column":23}}}},"statementMap":{"1":{"start":{"line":3,"column":8},"end":{"line":3,"column":49}},"2":{"start":{"line":7,"column":0},"end":{"line":7,"column":26}}},"branchMap":{}}}