TN:
SF:/Users/ziaa/node-wprkspace/ConnectedVehicles/api-gateway/app.js
FNF:0
FNH:0
DA:1,1
DA:2,1
DA:3,1
DA:4,1
DA:5,1
DA:6,1
DA:7,1
DA:10,1
DA:13,1
DA:18,1
DA:19,1
DA:20,1
DA:22,1
DA:24,1
DA:25,1
DA:26,1
DA:27,1
DA:28,1
DA:29,1
DA:30,1
DA:33,1
DA:34,1
DA:35,1
DA:38,1
DA:41,1
LF:25
LH:25
BRF:0
BRH:0
end_of_record
TN:
SF:/Users/ziaa/node-wprkspace/ConnectedVehicles/api-gateway/routes/index.js
FN:5,(anonymous_1)
FNF:1
FNH:0
FNDA:0,(anonymous_1)
DA:1,1
DA:2,1
DA:5,1
DA:6,0
DA:9,1
LF:5
LH:4
BRF:0
BRH:0
end_of_record
TN:
SF:/Users/ziaa/node-wprkspace/ConnectedVehicles/api-gateway/routes/vehicles/vehicle-routes.js
FN:11,(anonymous_1)
FNF:1
FNH:0
FNDA:0,(anonymous_1)
DA:1,1
DA:2,1
DA:4,1
DA:9,1
DA:10,1
DA:11,1
DA:12,0
DA:17,1
LF:8
LH:7
BRF:0
BRH:0
end_of_record
TN:
SF:/Users/ziaa/node-wprkspace/ConnectedVehicles/api-gateway/controllers/vehicle-controller.js
FN:13,(anonymous_1)
FN:53,(anonymous_2)
FNF:2
FNH:1
FNDA:1,(anonymous_1)
FNDA:0,(anonymous_2)
DA:1,1
DA:3,1
DA:4,1
DA:5,1
DA:6,1
DA:7,1
DA:9,1
DA:14,1
DA:15,1
DA:16,1
DA:17,1
DA:18,0
DA:19,0
DA:20,0
DA:22,1
DA:24,1
DA:32,1
DA:33,1
DA:34,1
DA:36,0
DA:38,0
DA:39,0
DA:40,0
DA:44,0
DA:45,0
DA:46,0
DA:54,0
DA:56,0
DA:57,0
DA:58,0
DA:64,0
DA:65,0
DA:66,0
DA:68,0
DA:70,0
DA:71,0
DA:72,0
DA:76,0
DA:77,0
DA:78,0
DA:83,1
LF:41
LH:17
BRDA:17,1,0,0
BRDA:17,1,1,1
BRDA:32,2,0,1
BRDA:32,2,1,0
BRDA:64,3,0,0
BRDA:64,3,1,0
BRF:6
BRH:2
end_of_record
TN:
SF:/Users/ziaa/node-wprkspace/ConnectedVehicles/api-gateway/communication/queue.js
FN:29,publishMessageToQueue
FN:32,(anonymous_2)
FN:37,(anonymous_3)
FN:45,(anonymous_4)
FN:46,(anonymous_5)
FN:88,queueError
FN:94,generateUuid
FNF:7
FNH:6
FNDA:2,publishMessageToQueue
FNDA:2,(anonymous_2)
FNDA:2,(anonymous_3)
FNDA:2,(anonymous_4)
FNDA:2,(anonymous_5)
FNDA:0,queueError
FNDA:2,generateUuid
DA:2,1
DA:5,1
DA:6,1
DA:7,1
DA:9,1
DA:11,1
DA:29,1
DA:30,2
DA:31,2
DA:32,2
DA:33,2
DA:34,0
DA:37,2
DA:38,2
DA:39,0
DA:41,2
DA:43,2
DA:46,2
DA:47,2
DA:49,2
DA:50,2
DA:51,2
DA:52,2
DA:54,0
DA:55,0
DA:58,2
DA:68,2
DA:70,2
DA:81,0
DA:82,0
DA:88,1
DA:89,0
DA:90,0
DA:91,0
DA:94,1
DA:95,2
DA:99,1
LF:37
LH:28
BRDA:33,1,0,0
BRDA:33,1,1,2
BRDA:38,2,0,0
BRDA:38,2,1,2
BRDA:47,3,0,2
BRDA:47,3,1,0
BRF:6
BRH:3
end_of_record
TN:
SF:/Users/ziaa/node-wprkspace/ConnectedVehicles/api-gateway/libs/response-utils.js
FN:3,(anonymous_1)
FN:10,(anonymous_2)
FN:18,(anonymous_3)
FN:25,(anonymous_4)
FNF:4
FNH:3
FNDA:4,(anonymous_1)
FNDA:2,(anonymous_2)
FNDA:0,(anonymous_3)
FNDA:2,(anonymous_4)
DA:4,4
DA:5,4
DA:6,4
DA:7,4
DA:11,2
DA:12,2
DA:13,2
DA:14,2
DA:19,0
DA:20,0
DA:21,0
DA:22,0
DA:26,2
DA:33,2
DA:43,1
LF:15
LH:11
BRF:0
BRH:0
end_of_record
TN:
SF:/Users/ziaa/node-wprkspace/ConnectedVehicles/api-gateway/libs/http-codes.js
FNF:0
FNH:0
DA:11,1
DA:38,1
LF:2
LH:2
BRF:0
BRH:0
end_of_record
TN:
SF:/Users/ziaa/node-wprkspace/ConnectedVehicles/api-gateway/libs/response-messages.js
FNF:0
FNH:0
DA:1,1
DA:14,1
LF:2
LH:2
BRF:0
BRH:0
end_of_record
TN:
SF:/Users/ziaa/node-wprkspace/ConnectedVehicles/api-gateway/config/production.js
FNF:0
FNH:0
DA:2,1
LF:1
LH:1
BRF:0
BRH:0
end_of_record
TN:
SF:/Users/ziaa/node-wprkspace/ConnectedVehicles/api-gateway/libs/queue-params.js
FNF:0
FNH:0
DA:8,1
DA:20,1
LF:2
LH:2
BRF:0
BRH:0
end_of_record
TN:
SF:/Users/ziaa/node-wprkspace/ConnectedVehicles/api-gateway/libs/validation-messages.js
FNF:0
FNH:0
DA:5,1
DA:16,1
LF:2
LH:2
BRF:0
BRH:0
end_of_record
TN:
SF:/Users/ziaa/node-wprkspace/ConnectedVehicles/api-gateway/routes/customers/customer-routes.js
FNF:0
FNH:0
DA:1,1
DA:2,1
DA:4,1
DA:9,1
DA:13,1
LF:5
LH:5
BRF:0
BRH:0
end_of_record
TN:
SF:/Users/ziaa/node-wprkspace/ConnectedVehicles/api-gateway/controllers/customer-controllers.js
FN:13,(anonymous_1)
FNF:1
FNH:1
FNDA:1,(anonymous_1)
DA:1,1
DA:2,1
DA:3,1
DA:4,1
DA:5,1
DA:6,1
DA:9,1
DA:14,1
DA:15,1
DA:22,1
DA:23,1
DA:24,1
DA:26,0
DA:28,0
DA:29,0
DA:30,0
DA:35,1
LF:17
LH:13
BRDA:22,1,0,1
BRDA:22,1,1,0
BRF:2
BRH:1
end_of_record
TN:
SF:/Users/ziaa/node-wprkspace/ConnectedVehicles/api-gateway/libs/helper.js
FNF:0
FNH:0
DA:6,1
LF:1
LH:1
BRF:0
BRH:0
end_of_record
TN:
SF:/Users/ziaa/node-wprkspace/ConnectedVehicles/api-gateway/routes/ui-routes/ui-routes.js
FNF:0
FNH:0
DA:1,1
DA:2,1
DA:4,1
DA:7,1
DA:9,1
LF:5
LH:5
BRF:0
BRH:0
end_of_record
TN:
SF:/Users/ziaa/node-wprkspace/ConnectedVehicles/api-gateway/controllers/ui-controller.js
FN:14,(anonymous_1)
FN:28,(anonymous_2)
FNF:2
FNH:0
FNDA:0,(anonymous_1)
FNDA:0,(anonymous_2)
DA:1,1
DA:2,1
DA:3,1
DA:4,1
DA:5,1
DA:6,1
DA:9,1
DA:15,0
DA:16,0
DA:18,0
DA:23,0
DA:24,0
DA:26,0
DA:28,0
DA:29,0
DA:31,0
DA:33,0
DA:41,0
DA:46,0
DA:47,0
DA:48,0
DA:50,0
DA:51,0
DA:52,0
DA:53,0
DA:55,0
DA:56,0
DA:58,0
DA:64,0
DA:65,0
DA:67,0
DA:69,0
DA:70,0
DA:71,0
DA:74,0
DA:75,0
DA:76,0
DA:80,0
DA:81,0
DA:82,0
DA:89,1
LF:41
LH:8
BRDA:23,1,0,0
BRDA:23,1,1,0
BRDA:41,2,0,0
BRDA:41,2,1,0
BRDA:55,3,0,0
BRDA:55,3,1,0
BRF:6
BRH:0
end_of_record
TN:
SF:/Users/ziaa/node-wprkspace/ConnectedVehicles/api-gateway/libs/test-util.js
FN:2,(anonymous_1)
FNF:1
FNH:0
FNDA:0,(anonymous_1)
DA:3,0
DA:7,1
LF:2
LH:1
BRF:0
BRH:0
end_of_record
